<?xml version="1.0" encoding="UTF-8"?>
<robot generator="Robot 6.0.1 (Python 3.11.1 on win32)" generated="20221220 12:51:03.453" rpa="false" schemaversion="3">
<suite id="s1" name="TC 007 DataDriven" source="C:\Users\Daniel\PycharmProjects\cursoAutomatizacion1\testCases\TC_007_DataDriven.robot">
<test id="s1-t1" name="TC_007_DATA_DRIVEN_TEST" line="10">
<kw name="Start Browser and Maximize" library="resources1">
<kw name="Open Browser" library="SeleniumLibrary">
<arg>${URL}</arg>
<arg>${Browser}</arg>
<doc>Opens a new browser instance to the optional ``url``.</doc>
<msg timestamp="20221220 12:51:04.124" level="INFO">Opening browser 'Chrome' to base url 'http://www.thetestingworld.com/testings'.</msg>
<status status="PASS" starttime="20221220 12:51:04.123" endtime="20221220 12:51:07.907"/>
</kw>
<kw name="Maximize Browser Window" library="SeleniumLibrary">
<doc>Maximizes current browser window.</doc>
<status status="PASS" starttime="20221220 12:51:07.907" endtime="20221220 12:51:08.025"/>
</kw>
<status status="PASS" starttime="20221220 12:51:04.123" endtime="20221220 12:51:08.025"/>
</kw>
<kw name="Read number of rows" library="UserKW">
<var>${row}</var>
<arg>Hoja1</arg>
<kw name="Fetch Number Of Rows" library="ReadData">
<var>${maxR}</var>
<arg>${sheetname}</arg>
<msg timestamp="20221220 12:51:08.026" level="INFO">${maxR} = 4</msg>
<status status="PASS" starttime="20221220 12:51:08.026" endtime="20221220 12:51:08.026"/>
</kw>
<msg timestamp="20221220 12:51:08.026" level="INFO">${row} = 4</msg>
<status status="PASS" starttime="20221220 12:51:08.025" endtime="20221220 12:51:08.026"/>
</kw>
<for flavor="IN RANGE">
<var>${i}</var>
<value>1</value>
<value>${row}+1</value>
<iter>
<var name="${i}">1</var>
<kw name="Read Excel Data of Cell" library="UserKW">
<var>${username}</var>
<arg>Hoja1</arg>
<arg>${i}</arg>
<arg>1</arg>
<kw name="Fetch Cell Data" library="ReadData">
<var>${value}</var>
<arg>${sheetname}</arg>
<arg>${row}</arg>
<arg>${column}</arg>
<msg timestamp="20221220 12:51:08.027" level="INFO">${value} = user1</msg>
<status status="PASS" starttime="20221220 12:51:08.027" endtime="20221220 12:51:08.027"/>
</kw>
<msg timestamp="20221220 12:51:08.028" level="INFO">${username} = user1</msg>
<status status="PASS" starttime="20221220 12:51:08.027" endtime="20221220 12:51:08.028"/>
</kw>
<kw name="Read Excel Data of Cell" library="UserKW">
<var>${pass}</var>
<arg>Hoja1</arg>
<arg>${i}</arg>
<arg>2</arg>
<kw name="Fetch Cell Data" library="ReadData">
<var>${value}</var>
<arg>${sheetname}</arg>
<arg>${row}</arg>
<arg>${column}</arg>
<msg timestamp="20221220 12:51:08.028" level="INFO">${value} = pass1</msg>
<status status="PASS" starttime="20221220 12:51:08.028" endtime="20221220 12:51:08.028"/>
</kw>
<msg timestamp="20221220 12:51:08.029" level="INFO">${pass} = pass1</msg>
<status status="PASS" starttime="20221220 12:51:08.028" endtime="20221220 12:51:08.029"/>
</kw>
<kw name="Input Text" library="SeleniumLibrary">
<arg>//input[@name="fld_username"]</arg>
<arg>${username}</arg>
<doc>Types the given ``text`` into the text field identified by ``locator``.</doc>
<msg timestamp="20221220 12:51:08.029" level="INFO">Typing text 'user1' into text field '//input[@name="fld_username"]'.</msg>
<status status="PASS" starttime="20221220 12:51:08.029" endtime="20221220 12:51:08.148"/>
</kw>
<kw name="Input Text" library="SeleniumLibrary">
<arg>//input[@name="fld_password"]</arg>
<arg>${pass}</arg>
<doc>Types the given ``text`` into the text field identified by ``locator``.</doc>
<msg timestamp="20221220 12:51:08.149" level="INFO">Typing text 'pass1' into text field '//input[@name="fld_password"]'.</msg>
<status status="PASS" starttime="20221220 12:51:08.148" endtime="20221220 12:51:08.237"/>
</kw>
<kw name="Click Button" library="SeleniumLibrary">
<arg>xpath://input[@value='Sign up']</arg>
<doc>Clicks the button identified by ``locator``.</doc>
<msg timestamp="20221220 12:51:08.238" level="INFO">Clicking button 'xpath://input[@value='Sign up']'.</msg>
<status status="PASS" starttime="20221220 12:51:08.237" endtime="20221220 12:51:08.323"/>
</kw>
<kw name="Sleep" library="BuiltIn">
<arg>3 seconds</arg>
<doc>Pauses the test executed for the given time.</doc>
<msg timestamp="20221220 12:51:11.325" level="INFO">Slept 3 seconds</msg>
<status status="PASS" starttime="20221220 12:51:08.324" endtime="20221220 12:51:11.325"/>
</kw>
<status status="PASS" starttime="20221220 12:51:08.027" endtime="20221220 12:51:11.325"/>
</iter>
<iter>
<var name="${i}">2</var>
<kw name="Read Excel Data of Cell" library="UserKW">
<var>${username}</var>
<arg>Hoja1</arg>
<arg>${i}</arg>
<arg>1</arg>
<kw name="Fetch Cell Data" library="ReadData">
<var>${value}</var>
<arg>${sheetname}</arg>
<arg>${row}</arg>
<arg>${column}</arg>
<msg timestamp="20221220 12:51:11.326" level="INFO">${value} = user2</msg>
<status status="PASS" starttime="20221220 12:51:11.326" endtime="20221220 12:51:11.326"/>
</kw>
<msg timestamp="20221220 12:51:11.326" level="INFO">${username} = user2</msg>
<status status="PASS" starttime="20221220 12:51:11.325" endtime="20221220 12:51:11.326"/>
</kw>
<kw name="Read Excel Data of Cell" library="UserKW">
<var>${pass}</var>
<arg>Hoja1</arg>
<arg>${i}</arg>
<arg>2</arg>
<kw name="Fetch Cell Data" library="ReadData">
<var>${value}</var>
<arg>${sheetname}</arg>
<arg>${row}</arg>
<arg>${column}</arg>
<msg timestamp="20221220 12:51:11.327" level="INFO">${value} = pass2</msg>
<status status="PASS" starttime="20221220 12:51:11.326" endtime="20221220 12:51:11.327"/>
</kw>
<msg timestamp="20221220 12:51:11.327" level="INFO">${pass} = pass2</msg>
<status status="PASS" starttime="20221220 12:51:11.326" endtime="20221220 12:51:11.327"/>
</kw>
<kw name="Input Text" library="SeleniumLibrary">
<arg>//input[@name="fld_username"]</arg>
<arg>${username}</arg>
<doc>Types the given ``text`` into the text field identified by ``locator``.</doc>
<msg timestamp="20221220 12:51:11.327" level="INFO">Typing text 'user2' into text field '//input[@name="fld_username"]'.</msg>
<status status="PASS" starttime="20221220 12:51:11.327" endtime="20221220 12:51:11.393"/>
</kw>
<kw name="Input Text" library="SeleniumLibrary">
<arg>//input[@name="fld_password"]</arg>
<arg>${pass}</arg>
<doc>Types the given ``text`` into the text field identified by ``locator``.</doc>
<msg timestamp="20221220 12:51:11.394" level="INFO">Typing text 'pass2' into text field '//input[@name="fld_password"]'.</msg>
<status status="PASS" starttime="20221220 12:51:11.393" endtime="20221220 12:51:11.460"/>
</kw>
<kw name="Click Button" library="SeleniumLibrary">
<arg>xpath://input[@value='Sign up']</arg>
<doc>Clicks the button identified by ``locator``.</doc>
<msg timestamp="20221220 12:51:11.461" level="INFO">Clicking button 'xpath://input[@value='Sign up']'.</msg>
<status status="PASS" starttime="20221220 12:51:11.460" endtime="20221220 12:51:11.497"/>
</kw>
<kw name="Sleep" library="BuiltIn">
<arg>3 seconds</arg>
<doc>Pauses the test executed for the given time.</doc>
<msg timestamp="20221220 12:51:14.498" level="INFO">Slept 3 seconds</msg>
<status status="PASS" starttime="20221220 12:51:11.497" endtime="20221220 12:51:14.498"/>
</kw>
<status status="PASS" starttime="20221220 12:51:11.325" endtime="20221220 12:51:14.498"/>
</iter>
<iter>
<var name="${i}">3</var>
<kw name="Read Excel Data of Cell" library="UserKW">
<var>${username}</var>
<arg>Hoja1</arg>
<arg>${i}</arg>
<arg>1</arg>
<kw name="Fetch Cell Data" library="ReadData">
<var>${value}</var>
<arg>${sheetname}</arg>
<arg>${row}</arg>
<arg>${column}</arg>
<msg timestamp="20221220 12:51:14.499" level="INFO">${value} = user3</msg>
<status status="PASS" starttime="20221220 12:51:14.499" endtime="20221220 12:51:14.499"/>
</kw>
<msg timestamp="20221220 12:51:14.499" level="INFO">${username} = user3</msg>
<status status="PASS" starttime="20221220 12:51:14.498" endtime="20221220 12:51:14.499"/>
</kw>
<kw name="Read Excel Data of Cell" library="UserKW">
<var>${pass}</var>
<arg>Hoja1</arg>
<arg>${i}</arg>
<arg>2</arg>
<kw name="Fetch Cell Data" library="ReadData">
<var>${value}</var>
<arg>${sheetname}</arg>
<arg>${row}</arg>
<arg>${column}</arg>
<msg timestamp="20221220 12:51:14.500" level="INFO">${value} = pass3</msg>
<status status="PASS" starttime="20221220 12:51:14.500" endtime="20221220 12:51:14.500"/>
</kw>
<msg timestamp="20221220 12:51:14.500" level="INFO">${pass} = pass3</msg>
<status status="PASS" starttime="20221220 12:51:14.499" endtime="20221220 12:51:14.500"/>
</kw>
<kw name="Input Text" library="SeleniumLibrary">
<arg>//input[@name="fld_username"]</arg>
<arg>${username}</arg>
<doc>Types the given ``text`` into the text field identified by ``locator``.</doc>
<msg timestamp="20221220 12:51:14.501" level="INFO">Typing text 'user3' into text field '//input[@name="fld_username"]'.</msg>
<status status="PASS" starttime="20221220 12:51:14.501" endtime="20221220 12:51:14.563"/>
</kw>
<kw name="Input Text" library="SeleniumLibrary">
<arg>//input[@name="fld_password"]</arg>
<arg>${pass}</arg>
<doc>Types the given ``text`` into the text field identified by ``locator``.</doc>
<msg timestamp="20221220 12:51:14.564" level="INFO">Typing text 'pass3' into text field '//input[@name="fld_password"]'.</msg>
<status status="PASS" starttime="20221220 12:51:14.563" endtime="20221220 12:51:14.623"/>
</kw>
<kw name="Click Button" library="SeleniumLibrary">
<arg>xpath://input[@value='Sign up']</arg>
<doc>Clicks the button identified by ``locator``.</doc>
<msg timestamp="20221220 12:51:14.623" level="INFO">Clicking button 'xpath://input[@value='Sign up']'.</msg>
<status status="PASS" starttime="20221220 12:51:14.623" endtime="20221220 12:51:14.660"/>
</kw>
<kw name="Sleep" library="BuiltIn">
<arg>3 seconds</arg>
<doc>Pauses the test executed for the given time.</doc>
<msg timestamp="20221220 12:51:17.660" level="INFO">Slept 3 seconds</msg>
<status status="PASS" starttime="20221220 12:51:14.660" endtime="20221220 12:51:17.660"/>
</kw>
<status status="PASS" starttime="20221220 12:51:14.498" endtime="20221220 12:51:17.660"/>
</iter>
<iter>
<var name="${i}">4</var>
<kw name="Read Excel Data of Cell" library="UserKW">
<var>${username}</var>
<arg>Hoja1</arg>
<arg>${i}</arg>
<arg>1</arg>
<kw name="Fetch Cell Data" library="ReadData">
<var>${value}</var>
<arg>${sheetname}</arg>
<arg>${row}</arg>
<arg>${column}</arg>
<msg timestamp="20221220 12:51:17.661" level="INFO">${value} = user4</msg>
<status status="PASS" starttime="20221220 12:51:17.661" endtime="20221220 12:51:17.661"/>
</kw>
<msg timestamp="20221220 12:51:17.661" level="INFO">${username} = user4</msg>
<status status="PASS" starttime="20221220 12:51:17.660" endtime="20221220 12:51:17.661"/>
</kw>
<kw name="Read Excel Data of Cell" library="UserKW">
<var>${pass}</var>
<arg>Hoja1</arg>
<arg>${i}</arg>
<arg>2</arg>
<kw name="Fetch Cell Data" library="ReadData">
<var>${value}</var>
<arg>${sheetname}</arg>
<arg>${row}</arg>
<arg>${column}</arg>
<msg timestamp="20221220 12:51:17.662" level="INFO">${value} = pass4</msg>
<status status="PASS" starttime="20221220 12:51:17.661" endtime="20221220 12:51:17.662"/>
</kw>
<msg timestamp="20221220 12:51:17.662" level="INFO">${pass} = pass4</msg>
<status status="PASS" starttime="20221220 12:51:17.661" endtime="20221220 12:51:17.662"/>
</kw>
<kw name="Input Text" library="SeleniumLibrary">
<arg>//input[@name="fld_username"]</arg>
<arg>${username}</arg>
<doc>Types the given ``text`` into the text field identified by ``locator``.</doc>
<msg timestamp="20221220 12:51:17.662" level="INFO">Typing text 'user4' into text field '//input[@name="fld_username"]'.</msg>
<status status="PASS" starttime="20221220 12:51:17.662" endtime="20221220 12:51:17.728"/>
</kw>
<kw name="Input Text" library="SeleniumLibrary">
<arg>//input[@name="fld_password"]</arg>
<arg>${pass}</arg>
<doc>Types the given ``text`` into the text field identified by ``locator``.</doc>
<msg timestamp="20221220 12:51:17.728" level="INFO">Typing text 'pass4' into text field '//input[@name="fld_password"]'.</msg>
<status status="PASS" starttime="20221220 12:51:17.728" endtime="20221220 12:51:17.793"/>
</kw>
<kw name="Click Button" library="SeleniumLibrary">
<arg>xpath://input[@value='Sign up']</arg>
<doc>Clicks the button identified by ``locator``.</doc>
<msg timestamp="20221220 12:51:17.793" level="INFO">Clicking button 'xpath://input[@value='Sign up']'.</msg>
<status status="PASS" starttime="20221220 12:51:17.793" endtime="20221220 12:51:17.828"/>
</kw>
<kw name="Sleep" library="BuiltIn">
<arg>3 seconds</arg>
<doc>Pauses the test executed for the given time.</doc>
<msg timestamp="20221220 12:51:20.829" level="INFO">Slept 3 seconds</msg>
<status status="PASS" starttime="20221220 12:51:17.828" endtime="20221220 12:51:20.829"/>
</kw>
<status status="PASS" starttime="20221220 12:51:17.660" endtime="20221220 12:51:20.829"/>
</iter>
<status status="PASS" starttime="20221220 12:51:08.026" endtime="20221220 12:51:20.829"/>
</for>
<status status="PASS" starttime="20221220 12:51:04.122" endtime="20221220 12:51:20.829"/>
</test>
<status status="PASS" starttime="20221220 12:51:03.457" endtime="20221220 12:51:20.830"/>
</suite>
<statistics>
<total>
<stat pass="1" fail="0" skip="0">All Tests</stat>
</total>
<tag>
</tag>
<suite>
<stat pass="1" fail="0" skip="0" id="s1" name="TC 007 DataDriven">TC 007 DataDriven</stat>
</suite>
</statistics>
<errors>
</errors>
</robot>
